# JRE version: OpenJDK Runtime Environment Corretto-20.0.2.10.1 (20.0.2.1+10) (build 20.0.2.1+10-FR)
# Java VM: OpenJDK 64-Bit Server VM Corretto-20.0.2.10.1 (20.0.2.1+10-FR, mixed mode, sharing, tiered, compressed oops, compressed class ptrs, g1 gc, windows-amd64)
GC Precious Log:
 CardTable entry size: 512
 Card Set container configuration: InlinePtr #cards 5 size 8 Array Of Cards #cards 12 size 40 Howl #buckets 4 coarsen threshold 1843 Howl Bitmap #cards 512 size 80 coarsen threshold 460 Card regions per heap region 1 cards per card region 2048
 CPUs: 12 total, 12 available
 Memory: 8040M
 Large Page Support: Disabled
 NUMA Support: Disabled
 Compressed Oops: Enabled (32-bit)
 Heap Region Size: 1M
 Heap Min Capacity: 256M
 Heap Initial Capacity: 256M
 Heap Max Capacity: 512M
 Pre-touch: Disabled
 Parallel Workers: 10
 Concurrent Workers: 3
 Concurrent Refinement Workers: 10
 Periodic GC: Disabled
Heap:
 garbage-first heap   total 262144K, used 73765K [0x00000000e0000000, 0x0000000100000000)
  region size 1024K, 49 young (50176K), 8 survivors (8192K)
 Metaspace       used 40130K, committed 41408K, reserved 380928K
  class space    used 5620K, committed 6272K, reserved 315392K
GC Heap History (12 events):
Event: 0.784 GC heap before
{Heap before GC invocations=0 (full 0):
 garbage-first heap   total 262144K, used 26624K [0x00000000e0000000, 0x0000000100000000)
  region size 1024K, 23 young (23552K), 0 survivors (0K)
 Metaspace       used 3159K, committed 3264K, reserved 380928K
  class space    used 401K, committed 448K, reserved 315392K
}
Event: 0.791 GC heap after
{Heap after GC invocations=1 (full 0):
 garbage-first heap   total 262144K, used 11209K [0x00000000e0000000, 0x0000000100000000)
  region size 1024K, 3 young (3072K), 3 survivors (3072K)
 Metaspace       used 3159K, committed 3264K, reserved 380928K
  class space    used 401K, committed 448K, reserved 315392K
}
Event: 1.324 GC heap before
{Heap before GC invocations=1 (full 0):
 garbage-first heap   total 262144K, used 39881K [0x00000000e0000000, 0x0000000100000000)
  region size 1024K, 31 young (31744K), 3 survivors (3072K)
 Metaspace       used 4082K, committed 4288K, reserved 380928K
  class space    used 495K, committed 576K, reserved 315392K
}
Event: 1.327 GC heap after
{Heap after GC invocations=2 (full 0):
 garbage-first heap   total 262144K, used 12506K [0x00000000e0000000, 0x0000000100000000)
  region size 1024K, 2 young (2048K), 2 survivors (2048K)
 Metaspace       used 4082K, committed 4288K, reserved 380928K
  class space    used 495K, committed 576K, reserved 315392K
}
Event: 3.991 GC heap before
{Heap before GC invocations=2 (full 0):
 garbage-first heap   total 262144K, used 114906K [0x00000000e0000000, 0x0000000100000000)
  region size 1024K, 103 young (105472K), 2 survivors (2048K)
 Metaspace       used 20823K, committed 21504K, reserved 380928K
  class space    used 3045K, committed 3328K, reserved 315392K
}
Event: 4.000 GC heap after
{Heap after GC invocations=3 (full 0):
 garbage-first heap   total 262144K, used 23235K [0x00000000e0000000, 0x0000000100000000)
  region size 1024K, 12 young (12288K), 12 survivors (12288K)
 Metaspace       used 20823K, committed 21504K, reserved 380928K
  class space    used 3045K, committed 3328K, reserved 315392K
}
Event: 5.974 GC heap before
{Heap before GC invocations=4 (full 0):
 garbage-first heap   total 262144K, used 132803K [0x00000000e0000000, 0x0000000100000000)
  region size 1024K, 116 young (118784K), 12 survivors (12288K)
 Metaspace       used 34768K, committed 35968K, reserved 380928K
  class space    used 4890K, committed 5504K, reserved 315392K
}
Event: 5.988 GC heap after
{Heap after GC invocations=5 (full 0):
 garbage-first heap   total 262144K, used 34038K [0x00000000e0000000, 0x0000000100000000)
  region size 1024K, 9 young (9216K), 9 survivors (9216K)
 Metaspace       used 34768K, committed 35968K, reserved 380928K
  class space    used 4890K, committed 5504K, reserved 315392K
}
Event: 5.991 GC heap before
{Heap before GC invocations=5 (full 0):
 garbage-first heap   total 262144K, used 34038K [0x00000000e0000000, 0x0000000100000000)
  region size 1024K, 10 young (10240K), 9 survivors (9216K)
 Metaspace       used 35093K, committed 36288K, reserved 380928K
  class space    used 4890K, committed 5504K, reserved 315392K
}
Event: 5.997 GC heap after
{Heap after GC invocations=6 (full 0):
 garbage-first heap   total 262144K, used 33970K [0x00000000e0000000, 0x0000000100000000)
  region size 1024K, 8 young (8192K), 8 survivors (8192K)
 Metaspace       used 35093K, committed 36288K, reserved 380928K
  class space    used 4890K, committed 5504K, reserved 315392K
}
Event: 6.054 GC heap before
{Heap before GC invocations=6 (full 0):
 garbage-first heap   total 262144K, used 34994K [0x00000000e0000000, 0x0000000100000000)
  region size 1024K, 10 young (10240K), 8 survivors (8192K)
 Metaspace       used 35442K, committed 36608K, reserved 380928K
  class space    used 4921K, committed 5504K, reserved 315392K
}
Event: 6.057 GC heap after
{Heap after GC invocations=7 (full 0):
 garbage-first heap   total 262144K, used 31781K [0x00000000e0000000, 0x0000000100000000)
  region size 1024K, 8 young (8192K), 8 survivors (8192K)
 Metaspace       used 35442K, committed 36608K, reserved 380928K
  class space    used 4921K, committed 5504K, reserved 315392K
}

